<?xml version="1.0" encoding="UTF-8"?>
<testng-results skipped="0" failed="0" total="0" passed="0">
  <reporter-output>
  </reporter-output>
  <suite name="com.chirkovevgeny.curbside.challenge.AppTest" duration-ms="3" started-at="2015-11-18T23:16:44Z" finished-at="2015-11-18T23:16:44Z">
    <groups>
    </groups>
    <test name="Command line test" duration-ms="3" started-at="2015-11-18T23:16:44Z" finished-at="2015-11-18T23:16:44Z">
    </test> <!-- Command line test -->
  </suite> <!-- com.chirkovevgeny.curbside.challenge.AppTest -->
</testng-results>
