<?xml version="1.0" encoding="UTF-8"?>
<testng-results skipped="0" failed="0" total="1" passed="1">
  <reporter-output>
  </reporter-output>
  <suite name="com.chirkovevgeny.curbside.challenge.MainTest" duration-ms="21074" started-at="2015-11-18T23:43:34Z" finished-at="2015-11-18T23:43:55Z">
    <groups>
    </groups>
    <test name="Command line test" duration-ms="21074" started-at="2015-11-18T23:43:34Z" finished-at="2015-11-18T23:43:55Z">
      <class name="com.chirkovevgeny.curbside.challenge.MainTest">
        <test-method status="PASS" signature="runApp()[pri:0, instance:com.chirkovevgeny.curbside.challenge.MainTest@34ce8af7]" name="runApp" duration-ms="21061" started-at="2015-11-18T15:43:34Z" finished-at="2015-11-18T15:43:55Z">
          <reporter-output>
          </reporter-output>
        </test-method> <!-- runApp -->
      </class> <!-- com.chirkovevgeny.curbside.challenge.MainTest -->
    </test> <!-- Command line test -->
  </suite> <!-- com.chirkovevgeny.curbside.challenge.MainTest -->
</testng-results>
